[debug] [2018-08-28T05:36:07.831Z] ----------------------------------------------------------------------
[debug] [2018-08-28T05:36:07.833Z] Command:       /usr/local/Cellar/node/10.1.0/bin/node /usr/local/bin/firebase deploy
[debug] [2018-08-28T05:36:07.834Z] CLI Version:   4.2.0
[debug] [2018-08-28T05:36:07.834Z] Platform:      darwin
[debug] [2018-08-28T05:36:07.834Z] Node Version:  v10.1.0
[debug] [2018-08-28T05:36:07.835Z] Time:          Tue Aug 28 2018 11:06:07 GMT+0530 (IST)
[debug] [2018-08-28T05:36:07.835Z] ----------------------------------------------------------------------
[debug] 
[debug] [2018-08-28T05:36:07.911Z] > command requires scopes: ["email","openid","https://www.googleapis.com/auth/cloudplatformprojects.readonly","https://www.googleapis.com/auth/firebase","https://www.googleapis.com/auth/cloud-platform"]
[debug] [2018-08-28T05:36:07.912Z] > authorizing via signed-in user
[debug] [2018-08-28T05:36:07.915Z] > refreshing access token with scopes: ["email","https://www.googleapis.com/auth/cloud-platform","https://www.googleapis.com/auth/cloudplatformprojects.readonly","https://www.googleapis.com/auth/firebase","openid"]
[debug] [2018-08-28T05:36:07.915Z] >>> HTTP REQUEST POST https://www.googleapis.com/oauth2/v3/token  

[debug] [2018-08-28T05:36:08.542Z] <<< HTTP RESPONSE 200
[debug] [2018-08-28T05:36:08.611Z] >>> HTTP REQUEST GET https://admin.firebase.com/v1/projects/asharpvan  
 
[debug] [2018-08-28T05:36:09.913Z] <<< HTTP RESPONSE 200
[info] 
[info] === Deploying to 'asharpvan'...
[info] 
[info] i  deploying hosting
[debug] [2018-08-28T05:36:09.922Z] >>> HTTP REQUEST POST https://firebasehosting.googleapis.com/v1beta1/sites/asharpvan/versions  

